#
# There is insufficient memory for the Java Runtime Environment to continue.
# Native memory allocation (malloc) failed to allocate 517984 bytes for Chunk::new
# Possible reasons:
#   The system is out of physical RAM or swap space
#   The process is running with CompressedOops enabled, and the Java Heap may be blocking the growth of the native heap
# Possible solutions:
#   Reduce memory load on the system
#   Increase physical memory or swap space
#   Check if swap backing store is full
#   Decrease Java heap size (-Xmx/-Xms)
#   Decrease number of Java threads
#   Decrease Java thread stack sizes (-Xss)
#   Set larger code cache with -XX:ReservedCodeCacheSize=
#   JVM is running with Unscaled Compressed Oops mode in which the Java heap is
#     placed in the first 4GB address space. The Java Heap base address is the
#     maximum limit for the native heap growth. Please use -XX:HeapBaseMinAddress
#     to set the Java Heap base and to place the Java Heap above 4GB virtual address.
# This output file may be truncated or incomplete.
#
#  Out of Memory Error (arena.cpp:184), pid=17784, tid=69908
#
# JRE version: Java(TM) SE Runtime Environment (18.0.1.1+2) (build 18.0.1.1+2-6)
# Java VM: Java HotSpot(TM) 64-Bit Server VM (18.0.1.1+2-6, mixed mode, sharing, tiered, compressed oops, compressed class ptrs, g1 gc, windows-amd64)
# No core dump will be written. Minidumps are not enabled by default on client versions of Windows
#

---------------  S U M M A R Y ------------

Command Line: -ea -Dfile.encoding=UTF-8 -XX:+ShowCodeDetailsInExceptionMessages org.testng.remote.RemoteTestNG -serport 62120 -protocol json -d C:\My Folder\selenium_java\test-output C:\My Folder\selenium_java\testng.xml

Host: AMD Ryzen 5 5500U with Radeon Graphics         , 12 cores, 5G,  Windows 11 , 64 bit Build 22000 (10.0.22000.1219)
Time: Sun Dec  4 20:36:07 2022 Arabian Standard Time elapsed time: 1.815346 seconds (0d 0h 0m 1s)

---------------  T H R E A D  ---------------

Current thread (0x0000016efce02ca0):  JavaThread "C2 CompilerThread0" daemon [_thread_in_native, id=69908, stack(0x0000001daab00000,0x0000001daac00000)]


Current CompileTask:
C2:   1815 1543       4       java.util.HashSet::add (20 bytes)

Stack: [0x0000001daab00000,0x0000001daac00000]
Native frames: (J=compiled Java code, j=interpreted, Vv=VM code, C=native code)
V  [jvm.dll+0x69887a]
V  [jvm.dll+0x7f38bd]
V  [jvm.dll+0x7f51ce]
V  [jvm.dll+0x7f5883]
V  [jvm.dll+0x25ca3f]
V  [jvm.dll+0xb8c2f]
V  [jvm.dll+0xb8fa5]
V  [jvm.dll+0x385a6b]
V  [jvm.dll+0x34f811]
V  [jvm.dll+0x34ecaa]
V  [jvm.dll+0x22fc21]
V  [jvm.dll+0x22eff1]
V  [jvm.dll+0x1b9cfc]
V  [jvm.dll+0x23e8ca]
V  [jvm.dll+0x23cbb5]
V  [jvm.dll+0x7a5fb1]
V  [jvm.dll+0x7a03ea]
V  [jvm.dll+0x697725]
C  [ucrtbase.dll+0x26c0c]
C  [KERNEL32.DLL+0x15550]
C  [ntdll.dll+0x485b]


---------------  P R O C E S S  ---------------

Threads class SMR info:
_java_thread_list=0x0000016efe2f9b10, length=15, elements={
0x0000016eeeb7a080, 0x0000016efcdb4160, 0x0000016efcdb6f10, 0x0000016efcdcaf30,
0x0000016efcdcb7e0, 0x0000016efcdcc180, 0x0000016efcdd9ba0, 0x0000016efce02ca0,
0x0000016efce06b80, 0x0000016efce08480, 0x0000016efd16f3a0, 0x0000016efd17bb00,
0x0000016efd837050, 0x0000016efe1919d0, 0x0000016efe2fe800
}

Java Threads: ( => current thread )
  0x0000016eeeb7a080 JavaThread "main" [_thread_in_Java, id=140000, stack(0x0000001da9e00000,0x0000001da9f00000)]
  0x0000016efcdb4160 JavaThread "Reference Handler" daemon [_thread_blocked, id=137780, stack(0x0000001daa500000,0x0000001daa600000)]
  0x0000016efcdb6f10 JavaThread "Finalizer" daemon [_thread_blocked, id=136476, stack(0x0000001daa600000,0x0000001daa700000)]
  0x0000016efcdcaf30 JavaThread "Signal Dispatcher" daemon [_thread_blocked, id=137772, stack(0x0000001daa700000,0x0000001daa800000)]
  0x0000016efcdcb7e0 JavaThread "Attach Listener" daemon [_thread_blocked, id=141204, stack(0x0000001daa800000,0x0000001daa900000)]
  0x0000016efcdcc180 JavaThread "Service Thread" daemon [_thread_blocked, id=137064, stack(0x0000001daa900000,0x0000001daaa00000)]
  0x0000016efcdd9ba0 JavaThread "Monitor Deflation Thread" daemon [_thread_blocked, id=141352, stack(0x0000001daaa00000,0x0000001daab00000)]
=>0x0000016efce02ca0 JavaThread "C2 CompilerThread0" daemon [_thread_in_native, id=69908, stack(0x0000001daab00000,0x0000001daac00000)]
  0x0000016efce06b80 JavaThread "C1 CompilerThread0" daemon [_thread_in_vm, id=133608, stack(0x0000001daac00000,0x0000001daad00000)]
  0x0000016efce08480 JavaThread "Sweeper thread" daemon [_thread_blocked, id=16772, stack(0x0000001daad00000,0x0000001daae00000)]
  0x0000016efd16f3a0 JavaThread "Notification Thread" daemon [_thread_blocked, id=15632, stack(0x0000001daae00000,0x0000001daaf00000)]
  0x0000016efd17bb00 JavaThread "Common-Cleaner" daemon [_thread_blocked, id=127496, stack(0x0000001dab000000,0x0000001dab100000)]
  0x0000016efd837050 JavaThread "ReaderThread" [_thread_in_native, id=141120, stack(0x0000001dab200000,0x0000001dab300000)]
  0x0000016efe1919d0 JavaThread "ForkJoinPool.commonPool-worker-1" daemon [_thread_blocked, id=19216, stack(0x0000001dab900000,0x0000001daba00000)]
  0x0000016efe2fe800 JavaThread "AsyncHttpClient-1-1" daemon [_thread_blocked, id=106372, stack(0x0000001daba00000,0x0000001dabb00000)]

Other Threads:
  0x0000016efcdae8e0 VMThread "VM Thread" [stack: 0x0000001daa400000,0x0000001daa500000] [id=134668]
  0x0000016efd176cd0 WatcherThread "VM Periodic Task Thread" [stack: 0x0000001daaf00000,0x0000001dab000000] [id=123296]
  0x0000016eeebcd7e0 WorkerThread "GC Thread#0" [stack: 0x0000001da9f00000,0x0000001daa000000] [id=134228]
  0x0000016efe10b370 WorkerThread "GC Thread#1" [stack: 0x0000001dab300000,0x0000001dab400000] [id=122704]
  0x0000016efe10b610 WorkerThread "GC Thread#2" [stack: 0x0000001dab400000,0x0000001dab500000] [id=138764]
  0x0000016efe10b8b0 WorkerThread "GC Thread#3" [stack: 0x0000001dab500000,0x0000001dab600000] [id=136712]
  0x0000016efe151330 WorkerThread "GC Thread#4" [stack: 0x0000001dab600000,0x0000001dab700000] [id=135796]
  0x0000016efe1515d0 WorkerThread "GC Thread#5" [stack: 0x0000001dab700000,0x0000001dab800000] [id=138024]
  0x0000016efe152480 WorkerThread "GC Thread#6" [stack: 0x0000001dab800000,0x0000001dab900000] [id=131620]
  0x0000016eeebda430 ConcurrentGCThread "G1 Main Marker" [stack: 0x0000001daa000000,0x0000001daa100000] [id=135016]
  0x0000016eeebdc470 WorkerThread "G1 Conc#0" [stack: 0x0000001daa100000,0x0000001daa200000] [id=6312]
  0x0000016eeec2beb0 ConcurrentGCThread "G1 Refine#0" [stack: 0x0000001daa200000,0x0000001daa300000] [id=138724]
  0x0000016eeec2c660 ConcurrentGCThread "G1 Service" [stack: 0x0000001daa300000,0x0000001daa400000] [id=134600]

Threads with active compile tasks:
C2 CompilerThread0     1836 1543       4       java.util.HashSet::add (20 bytes)

VM state: not at safepoint (normal execution)

VM Mutex/Monitor currently owned by a thread: None

Heap address: 0x00000000a2200000, size: 1502 MB, Compressed Oops mode: 32-bit

CDS archive(s) mapped at: [0x0000000800000000-0x0000000800ba0000-0x0000000800ba0000), size 12189696, SharedBaseAddress: 0x0000000800000000, ArchiveRelocationMode: 0.
Compressed class space mapped at: 0x0000000800c00000-0x0000000840c00000, reserved size: 1073741824
Narrow klass base: 0x0000000800000000, Narrow klass shift: 0, Narrow klass range: 0x100000000

GC Precious Log:
 CardTable entry size: 512
 Card Set container configuration: InlinePtr #cards 5 size 8 Array Of Cards #cards 12 size 40 Howl #buckets 4 coarsen threshold 1843 Howl Bitmap #cards 512 size 80 coarsen threshold 460 Card regions per heap region 1 cards per card region 2048
 CPUs: 12 total, 12 available
 Memory: 6005M
 Large Page Support: Disabled
 NUMA Support: Disabled
 Compressed Oops: Enabled (32-bit)
 Heap Region Size: 1M
 Heap Min Capacity: 8M
 Heap Initial Capacity: 94M
 Heap Max Capacity: 1502M
 Pre-touch: Disabled
 Parallel Workers: 10
 Concurrent Workers: 3
 Concurrent Refinement Workers: 10
 Periodic GC: Disabled

Heap:
 garbage-first heap   total 96256K, used 22364K [0x00000000a2200000, 0x0000000100000000)
  region size 1024K, 19 young (19456K), 3 survivors (3072K)
 Metaspace       used 12321K, committed 12608K, reserved 1114112K
  class space    used 1390K, committed 1536K, reserved 1048576K

Heap Regions: E=young(eden), S=young(survivor), O=old, HS=humongous(starts), HC=humongous(continues), CS=collection set, F=free, OA=open archive, CA=closed archive, TAMS=top-at-mark-start (previous, next)
|   0|0x00000000a2200000, 0x00000000a2300000, 0x00000000a2300000|100%| O|  |TAMS 0x00000000a2200000, 0x00000000a2200000| Untracked 
|   1|0x00000000a2300000, 0x00000000a2400000, 0x00000000a2400000|100%| O|  |TAMS 0x00000000a2300000, 0x00000000a2300000| Untracked 
|   2|0x00000000a2400000, 0x00000000a2500000, 0x00000000a2500000|100%| O|  |TAMS 0x00000000a2400000, 0x00000000a2400000| Untracked 
|   3|0x00000000a2500000, 0x00000000a2600000, 0x00000000a2600000|100%| O|  |TAMS 0x00000000a2500000, 0x00000000a2500000| Untracked 
|   4|0x00000000a2600000, 0x00000000a26d7000, 0x00000000a2700000| 83%| O|  |TAMS 0x00000000a2600000, 0x00000000a2600000| Untracked 
|   5|0x00000000a2700000, 0x00000000a2700000, 0x00000000a2800000|  0%| F|  |TAMS 0x00000000a2700000, 0x00000000a2700000| Untracked 
|   6|0x00000000a2800000, 0x00000000a2800000, 0x00000000a2900000|  0%| F|  |TAMS 0x00000000a2800000, 0x00000000a2800000| Untracked 
|   7|0x00000000a2900000, 0x00000000a2900000, 0x00000000a2a00000|  0%| F|  |TAMS 0x00000000a2900000, 0x00000000a2900000| Untracked 
|   8|0x00000000a2a00000, 0x00000000a2a00000, 0x00000000a2b00000|  0%| F|  |TAMS 0x00000000a2a00000, 0x00000000a2a00000| Untracked 
|   9|0x00000000a2b00000, 0x00000000a2b00000, 0x00000000a2c00000|  0%| F|  |TAMS 0x00000000a2b00000, 0x00000000a2b00000| Untracked 
|  10|0x00000000a2c00000, 0x00000000a2c00000, 0x00000000a2d00000|  0%| F|  |TAMS 0x00000000a2c00000, 0x00000000a2c00000| Untracked 
|  11|0x00000000a2d00000, 0x00000000a2d00000, 0x00000000a2e00000|  0%| F|  |TAMS 0x00000000a2d00000, 0x00000000a2d00000| Untracked 
|  12|0x00000000a2e00000, 0x00000000a2e00000, 0x00000000a2f00000|  0%| F|  |TAMS 0x00000000a2e00000, 0x00000000a2e00000| Untracked 
|  13|0x00000000a2f00000, 0x00000000a2f00000, 0x00000000a3000000|  0%| F|  |TAMS 0x00000000a2f00000, 0x00000000a2f00000| Untracked 
|  14|0x00000000a3000000, 0x00000000a3000000, 0x00000000a3100000|  0%| F|  |TAMS 0x00000000a3000000, 0x00000000a3000000| Untracked 
|  15|0x00000000a3100000, 0x00000000a3100000, 0x00000000a3200000|  0%| F|  |TAMS 0x00000000a3100000, 0x00000000a3100000| Untracked 
|  16|0x00000000a3200000, 0x00000000a3200000, 0x00000000a3300000|  0%| F|  |TAMS 0x00000000a3200000, 0x00000000a3200000| Untracked 
|  17|0x00000000a3300000, 0x00000000a3300000, 0x00000000a3400000|  0%| F|  |TAMS 0x00000000a3300000, 0x00000000a3300000| Untracked 
|  18|0x00000000a3400000, 0x00000000a3400000, 0x00000000a3500000|  0%| F|  |TAMS 0x00000000a3400000, 0x00000000a3400000| Untracked 
|  19|0x00000000a3500000, 0x00000000a3500000, 0x00000000a3600000|  0%| F|  |TAMS 0x00000000a3500000, 0x00000000a3500000| Untracked 
|  20|0x00000000a3600000, 0x00000000a3600000, 0x00000000a3700000|  0%| F|  |TAMS 0x00000000a3600000, 0x00000000a3600000| Untracked 
|  21|0x00000000a3700000, 0x00000000a3700000, 0x00000000a3800000|  0%| F|  |TAMS 0x00000000a3700000, 0x00000000a3700000| Untracked 
|  22|0x00000000a3800000, 0x00000000a3800000, 0x00000000a3900000|  0%| F|  |TAMS 0x00000000a3800000, 0x00000000a3800000| Untracked 
|  23|0x00000000a3900000, 0x00000000a3900000, 0x00000000a3a00000|  0%| F|  |TAMS 0x00000000a3900000, 0x00000000a3900000| Untracked 
|  24|0x00000000a3a00000, 0x00000000a3a00000, 0x00000000a3b00000|  0%| F|  |TAMS 0x00000000a3a00000, 0x00000000a3a00000| Untracked 
|  25|0x00000000a3b00000, 0x00000000a3b00000, 0x00000000a3c00000|  0%| F|  |TAMS 0x00000000a3b00000, 0x00000000a3b00000| Untracked 
|  26|0x00000000a3c00000, 0x00000000a3c00000, 0x00000000a3d00000|  0%| F|  |TAMS 0x00000000a3c00000, 0x00000000a3c00000| Untracked 
|  27|0x00000000a3d00000, 0x00000000a3d00000, 0x00000000a3e00000|  0%| F|  |TAMS 0x00000000a3d00000, 0x00000000a3d00000| Untracked 
|  28|0x00000000a3e00000, 0x00000000a3e00000, 0x00000000a3f00000|  0%| F|  |TAMS 0x00000000a3e00000, 0x00000000a3e00000| Untracked 
|  29|0x00000000a3f00000, 0x00000000a3f00000, 0x00000000a4000000|  0%| F|  |TAMS 0x00000000a3f00000, 0x00000000a3f00000| Untracked 
|  30|0x00000000a4000000, 0x00000000a4000000, 0x00000000a4100000|  0%| F|  |TAMS 0x00000000a4000000, 0x00000000a4000000| Untracked 
|  31|0x00000000a4100000, 0x00000000a4100000, 0x00000000a4200000|  0%| F|  |TAMS 0x00000000a4100000, 0x00000000a4100000| Untracked 
|  32|0x00000000a4200000, 0x00000000a4200000, 0x00000000a4300000|  0%| F|  |TAMS 0x00000000a4200000, 0x00000000a4200000| Untracked 
|  33|0x00000000a4300000, 0x00000000a4300000, 0x00000000a4400000|  0%| F|  |TAMS 0x00000000a4300000, 0x00000000a4300000| Untracked 
|  34|0x00000000a4400000, 0x00000000a4400000, 0x00000000a4500000|  0%| F|  |TAMS 0x00000000a4400000, 0x00000000a4400000| Untracked 
|  35|0x00000000a4500000, 0x00000000a4500000, 0x00000000a4600000|  0%| F|  |TAMS 0x00000000a4500000, 0x00000000a4500000| Untracked 
|  36|0x00000000a4600000, 0x00000000a4600000, 0x00000000a4700000|  0%| F|  |TAMS 0x00000000a4600000, 0x00000000a4600000| Untracked 
|  37|0x00000000a4700000, 0x00000000a4700000, 0x00000000a4800000|  0%| F|  |TAMS 0x00000000a4700000, 0x00000000a4700000| Untracked 
|  38|0x00000000a4800000, 0x00000000a4800000, 0x00000000a4900000|  0%| F|  |TAMS 0x00000000a4800000, 0x00000000a4800000| Untracked 
|  39|0x00000000a4900000, 0x00000000a4900000, 0x00000000a4a00000|  0%| F|  |TAMS 0x00000000a4900000, 0x00000000a4900000| Untracked 
|  40|0x00000000a4a00000, 0x00000000a4a00000, 0x00000000a4b00000|  0%| F|  |TAMS 0x00000000a4a00000, 0x00000000a4a00000| Untracked 
|  41|0x00000000a4b00000, 0x00000000a4b00000, 0x00000000a4c00000|  0%| F|  |TAMS 0x00000000a4b00000, 0x00000000a4b00000| Untracked 
|  42|0x00000000a4c00000, 0x00000000a4c00000, 0x00000000a4d00000|  0%| F|  |TAMS 0x00000000a4c00000, 0x00000000a4c00000| Untracked 
|  43|0x00000000a4d00000, 0x00000000a4d00000, 0x00000000a4e00000|  0%| F|  |TAMS 0x00000000a4d00000, 0x00000000a4d00000| Untracked 
|  44|0x00000000a4e00000, 0x00000000a4e00000, 0x00000000a4f00000|  0%| F|  |TAMS 0x00000000a4e00000, 0x00000000a4e00000| Untracked 
|  45|0x00000000a4f00000, 0x00000000a4f00000, 0x00000000a5000000|  0%| F|  |TAMS 0x00000000a4f00000, 0x00000000a4f00000| Untracked 
|  46|0x00000000a5000000, 0x00000000a5000000, 0x00000000a5100000|  0%| F|  |TAMS 0x00000000a5000000, 0x00000000a5000000| Untracked 
|  47|0x00000000a5100000, 0x00000000a5100000, 0x00000000a5200000|  0%| F|  |TAMS 0x00000000a5100000, 0x00000000a5100000| Untracked 
|  48|0x00000000a5200000, 0x00000000a5200000, 0x00000000a5300000|  0%| F|  |TAMS 0x00000000a5200000, 0x00000000a5200000| Untracked 
|  49|0x00000000a5300000, 0x00000000a5300000, 0x00000000a5400000|  0%| F|  |TAMS 0x00000000a5300000, 0x00000000a5300000| Untracked 
|  50|0x00000000a5400000, 0x00000000a5400000, 0x00000000a5500000|  0%| F|  |TAMS 0x00000000a5400000, 0x00000000a5400000| Untracked 
|  51|0x00000000a5500000, 0x00000000a5500000, 0x00000000a5600000|  0%| F|  |TAMS 0x00000000a5500000, 0x00000000a5500000| Untracked 
|  52|0x00000000a5600000, 0x00000000a5600000, 0x00000000a5700000|  0%| F|  |TAMS 0x00000000a5600000, 0x00000000a5600000| Untracked 
|  53|0x00000000a5700000, 0x00000000a5700000, 0x00000000a5800000|  0%| F|  |TAMS 0x00000000a5700000, 0x00000000a5700000| Untracked 
|  54|0x00000000a5800000, 0x00000000a5800000, 0x00000000a5900000|  0%| F|  |TAMS 0x00000000a5800000, 0x00000000a5800000| Untracked 
|  55|0x00000000a5900000, 0x00000000a5900000, 0x00000000a5a00000|  0%| F|  |TAMS 0x00000000a5900000, 0x00000000a5900000| Untracked 
|  56|0x00000000a5a00000, 0x00000000a5a00000, 0x00000000a5b00000|  0%| F|  |TAMS 0x00000000a5a00000, 0x00000000a5a00000| Untracked 
|  57|0x00000000a5b00000, 0x00000000a5b00000, 0x00000000a5c00000|  0%| F|  |TAMS 0x00000000a5b00000, 0x00000000a5b00000| Untracked 
|  58|0x00000000a5c00000, 0x00000000a5c00000, 0x00000000a5d00000|  0%| F|  |TAMS 0x00000000a5c00000, 0x00000000a5c00000| Untracked 
|  59|0x00000000a5d00000, 0x00000000a5d00000, 0x00000000a5e00000|  0%| F|  |TAMS 0x00000000a5d00000, 0x00000000a5d00000| Untracked 
|  60|0x00000000a5e00000, 0x00000000a5e00000, 0x00000000a5f00000|  0%| F|  |TAMS 0x00000000a5e00000, 0x00000000a5e00000| Untracked 
|  61|0x00000000a5f00000, 0x00000000a5f00000, 0x00000000a6000000|  0%| F|  |TAMS 0x00000000a5f00000, 0x00000000a5f00000| Untracked 
|  62|0x00000000a6000000, 0x00000000a6000000, 0x00000000a6100000|  0%| F|  |TAMS 0x00000000a6000000, 0x00000000a6000000| Untracked 
|  63|0x00000000a6100000, 0x00000000a6100000, 0x00000000a6200000|  0%| F|  |TAMS 0x00000000a6100000, 0x00000000a6100000| Untracked 
|  64|0x00000000a6200000, 0x00000000a6200000, 0x00000000a6300000|  0%| F|  |TAMS 0x00000000a6200000, 0x00000000a6200000| Untracked 
|  65|0x00000000a6300000, 0x00000000a6300000, 0x00000000a6400000|  0%| F|  |TAMS 0x00000000a6300000, 0x00000000a6300000| Untracked 
|  66|0x00000000a6400000, 0x00000000a6400000, 0x00000000a6500000|  0%| F|  |TAMS 0x00000000a6400000, 0x00000000a6400000| Untracked 
|  67|0x00000000a6500000, 0x00000000a6500000, 0x00000000a6600000|  0%| F|  |TAMS 0x00000000a6500000, 0x00000000a6500000| Untracked 
|  68|0x00000000a6600000, 0x00000000a6700000, 0x00000000a6700000|100%| S|CS|TAMS 0x00000000a6600000, 0x00000000a6600000| Complete 
|  69|0x00000000a6700000, 0x00000000a6800000, 0x00000000a6800000|100%| S|CS|TAMS 0x00000000a6700000, 0x00000000a6700000| Complete 
|  70|0x00000000a6800000, 0x00000000a6900000, 0x00000000a6900000|100%| S|CS|TAMS 0x00000000a6800000, 0x00000000a6800000| Complete 
|  71|0x00000000a6900000, 0x00000000a6900000, 0x00000000a6a00000|  0%| F|  |TAMS 0x00000000a6900000, 0x00000000a6900000| Untracked 
|  72|0x00000000a6a00000, 0x00000000a6a00000, 0x00000000a6b00000|  0%| F|  |TAMS 0x00000000a6a00000, 0x00000000a6a00000| Untracked 
|  73|0x00000000a6b00000, 0x00000000a6b00000, 0x00000000a6c00000|  0%| F|  |TAMS 0x00000000a6b00000, 0x00000000a6b00000| Untracked 
|  74|0x00000000a6c00000, 0x00000000a6c00000, 0x00000000a6d00000|  0%| F|  |TAMS 0x00000000a6c00000, 0x00000000a6c00000| Untracked 
|  75|0x00000000a6d00000, 0x00000000a6d00000, 0x00000000a6e00000|  0%| F|  |TAMS 0x00000000a6d00000, 0x00000000a6d00000| Untracked 
|  76|0x00000000a6e00000, 0x00000000a6e00000, 0x00000000a6f00000|  0%| F|  |TAMS 0x00000000a6e00000, 0x00000000a6e00000| Untracked 
|  77|0x00000000a6f00000, 0x00000000a6f648f8, 0x00000000a7000000| 39%| E|  |TAMS 0x00000000a6f00000, 0x00000000a6f00000| Complete 
|  78|0x00000000a7000000, 0x00000000a7100000, 0x00000000a7100000|100%| E|CS|TAMS 0x00000000a7000000, 0x00000000a7000000| Complete 
|  79|0x00000000a7100000, 0x00000000a7200000, 0x00000000a7200000|100%| E|CS|TAMS 0x00000000a7100000, 0x00000000a7100000| Complete 
|  80|0x00000000a7200000, 0x00000000a7300000, 0x00000000a7300000|100%| E|CS|TAMS 0x00000000a7200000, 0x00000000a7200000| Complete 
|  81|0x00000000a7300000, 0x00000000a7400000, 0x00000000a7400000|100%| E|  |TAMS 0x00000000a7300000, 0x00000000a7300000| Complete 
|  82|0x00000000a7400000, 0x00000000a7500000, 0x00000000a7500000|100%| E|CS|TAMS 0x00000000a7400000, 0x00000000a7400000| Complete 
|  83|0x00000000a7500000, 0x00000000a7600000, 0x00000000a7600000|100%| E|CS|TAMS 0x00000000a7500000, 0x00000000a7500000| Complete 
|  84|0x00000000a7600000, 0x00000000a7700000, 0x00000000a7700000|100%| E|CS|TAMS 0x00000000a7600000, 0x00000000a7600000| Complete 
|  85|0x00000000a7700000, 0x00000000a7800000, 0x00000000a7800000|100%| E|CS|TAMS 0x00000000a7700000, 0x00000000a7700000| Complete 
|  86|0x00000000a7800000, 0x00000000a7900000, 0x00000000a7900000|100%| E|CS|TAMS 0x00000000a7800000, 0x00000000a7800000| Complete 
|  87|0x00000000a7900000, 0x00000000a7a00000, 0x00000000a7a00000|100%| E|CS|TAMS 0x00000000a7900000, 0x00000000a7900000| Complete 
|  88|0x00000000a7a00000, 0x00000000a7b00000, 0x00000000a7b00000|100%| E|CS|TAMS 0x00000000a7a00000, 0x00000000a7a00000| Complete 
|  89|0x00000000a7b00000, 0x00000000a7c00000, 0x00000000a7c00000|100%| E|CS|TAMS 0x00000000a7b00000, 0x00000000a7b00000| Complete 
|  90|0x00000000a7c00000, 0x00000000a7d00000, 0x00000000a7d00000|100%| E|CS|TAMS 0x00000000a7c00000, 0x00000000a7c00000| Complete 
|  91|0x00000000a7d00000, 0x00000000a7e00000, 0x00000000a7e00000|100%| E|CS|TAMS 0x00000000a7d00000, 0x00000000a7d00000| Complete 
|  92|0x00000000a7e00000, 0x00000000a7f00000, 0x00000000a7f00000|100%| E|CS|TAMS 0x00000000a7e00000, 0x00000000a7e00000| Complete 
|  93|0x00000000a7f00000, 0x00000000a8000000, 0x00000000a8000000|100%| E|CS|TAMS 0x00000000a7f00000, 0x00000000a7f00000| Complete 

Card table byte_map: [0x0000016ef6ce0000,0x0000016ef6fd0000] _byte_map_base: 0x0000016ef67cf000

Marking Bits (Prev, Next): (CMBitMap*) 0x0000016eeebcdde0, (CMBitMap*) 0x0000016eeebcde20
 Prev Bits: [0x0000016ef72c0000, 0x0000016ef8a38000)
 Next Bits: [0x0000016ef8a40000, 0x0000016efa1b8000)

Polling page: 0x0000016eec8f0000

Metaspace:

Usage:
  Non-class:     10.68 MB used.
      Class:      1.36 MB used.
       Both:     12.04 MB used.

Virtual space:
  Non-class space:       64.00 MB reserved,      10.81 MB ( 17%) committed,  1 nodes.
      Class space:        1.00 GB reserved,       1.50 MB ( <1%) committed,  1 nodes.
             Both:        1.06 GB reserved,      12.31 MB (  1%) committed. 

Chunk freelists:
   Non-Class:  1006.00 KB
       Class:  2.54 MB
        Both:  3.52 MB

MaxMetaspaceSize: unlimited
CompressedClassSpaceSize: 1.00 GB
Initial GC threshold: 21.00 MB
Current GC threshold: 21.00 MB
CDS: on
MetaspaceReclaimPolicy: balanced
 - commit_granule_bytes: 65536.
 - commit_granule_words: 8192.
 - virtual_space_node_default_size: 8388608.
 - enlarge_chunks_in_place: 1.
 - new_chunks_are_fully_committed: 0.
 - uncommit_free_chunks: 1.
 - use_allocation_guard: 0.


Internal statistics:

num_allocs_failed_limit: 0.
num_arena_births: 154.
num_arena_deaths: 0.
num_vsnodes_births: 2.
num_vsnodes_deaths: 0.
num_space_committed: 197.
num_space_uncommitted: 0.
num_chunks_returned_to_freelist: 0.
num_chunks_taken_from_freelist: 423.
num_chunk_merges: 0.
num_chunk_splits: 275.
num_chunks_enlarged: 207.
num_inconsistent_stats: 0.

CodeHeap 'non-profiled nmethods': size=120000Kb used=528Kb max_used=528Kb free=119471Kb
 bounds [0x0000016e87ad0000, 0x0000016e87d40000, 0x0000016e8f000000]
CodeHeap 'profiled nmethods': size=120000Kb used=3342Kb max_used=3342Kb free=116657Kb
 bounds [0x0000016e805a0000, 0x0000016e808f0000, 0x0000016e87ad0000]
CodeHeap 'non-nmethods': size=5760Kb used=1224Kb max_used=1239Kb free=4535Kb
 bounds [0x0000016e80000000, 0x0000016e80270000, 0x0000016e805a0000]
 total_blobs=2189 nmethods=1674 adapters=428
 compilation: enabled
              stopped_count=0, restarted_count=0
 full_count=0

Compilation events (20 events):
Event: 1.793 Thread 0x0000016efce02ca0 1551       4       java.lang.StringLatin1::compareToCI (108 bytes)
Event: 1.794 Thread 0x0000016efce06b80 1569       3       sun.security.util.ObjectIdentifier::checkOidSize (86 bytes)
Event: 1.795 Thread 0x0000016efce06b80 nmethod 1569 0x0000016e808a9410 code [0x0000016e808a9720, 0x0000016e808aa4a8]
Event: 1.795 Thread 0x0000016efce06b80 1568       3       sun.security.util.ObjectIdentifier::checkOtherComponent (41 bytes)
Event: 1.795 Thread 0x0000016efce06b80 nmethod 1568 0x0000016e808aa990 code [0x0000016e808aabe0, 0x0000016e808ab2e8]
Event: 1.796 Thread 0x0000016efce02ca0 nmethod 1551 0x0000016e87b4dc90 code [0x0000016e87b4de40, 0x0000016e87b4e2f8]
Event: 1.796 Thread 0x0000016efce02ca0 1558       4       java.util.regex.Pattern$SliceI::match (96 bytes)
Event: 1.798 Thread 0x0000016efce06b80 1572       3       sun.security.util.ObjectIdentifier::pack (220 bytes)
Event: 1.798 Thread 0x0000016efce06b80 nmethod 1572 0x0000016e808ab590 code [0x0000016e808ab760, 0x0000016e808abdc8]
Event: 1.799 Thread 0x0000016efce06b80 1571       3       sun.security.util.ObjectIdentifier::pack7Oid (84 bytes)
Event: 1.799 Thread 0x0000016efce06b80 nmethod 1571 0x0000016e808ac010 code [0x0000016e808ac1e0, 0x0000016e808ac538]
Event: 1.799 Thread 0x0000016efce06b80 1570       3       sun.security.util.ObjectIdentifier::pack7Oid (42 bytes)
Event: 1.799 Thread 0x0000016efce06b80 nmethod 1570 0x0000016e808ac710 code [0x0000016e808ac8c0, 0x0000016e808acac8]
Event: 1.799 Thread 0x0000016efce02ca0 nmethod 1558 0x0000016e87b4e690 code [0x0000016e87b4e840, 0x0000016e87b4ebf8]
Event: 1.799 Thread 0x0000016efce02ca0 1526       4       java.lang.Character::toLowerCase (9 bytes)
Event: 1.800 Thread 0x0000016efce02ca0 nmethod 1526 0x0000016e87b4ef10 code [0x0000016e87b4f0a0, 0x0000016e87b4f1b8]
Event: 1.800 Thread 0x0000016efce02ca0 1532       4       java.lang.StringLatin1::getChar (9 bytes)
Event: 1.800 Thread 0x0000016efce02ca0 nmethod 1532 0x0000016e87b4f310 code [0x0000016e87b4f480, 0x0000016e87b4f518]
Event: 1.800 Thread 0x0000016efce02ca0 1543       4       java.util.HashSet::add (20 bytes)
Event: 1.810 Thread 0x0000016efce06b80 1577       3       java.lang.invoke.MethodHandleImpl::makePairwiseConvertByEditor (627 bytes)

GC Heap History (2 events):
Event: 1.348 GC heap before
{Heap before GC invocations=0 (full 0):
 garbage-first heap   total 96256K, used 22528K [0x00000000a2200000, 0x0000000100000000)
  region size 1024K, 23 young (23552K), 0 survivors (0K)
 Metaspace       used 7329K, committed 7488K, reserved 1114112K
  class space    used 815K, committed 896K, reserved 1048576K
}
Event: 1.356 GC heap after
{Heap after GC invocations=1 (full 0):
 garbage-first heap   total 96256K, used 8028K [0x00000000a2200000, 0x0000000100000000)
  region size 1024K, 3 young (3072K), 3 survivors (3072K)
 Metaspace       used 7329K, committed 7488K, reserved 1114112K
  class space    used 815K, committed 896K, reserved 1048576K
}

Deoptimization events (20 events):
Event: 1.378 Thread 0x0000016eeeb7a080 Uncommon trap: trap_request=0xffffff45 fr.pc=0x0000016e87ad1c5c relative=0x000000000000005c
Event: 1.378 Thread 0x0000016eeeb7a080 Uncommon trap: reason=unstable_if action=reinterpret pc=0x0000016e87ad1c5c method=java.lang.String.isLatin1()Z @ 10 c2
Event: 1.378 Thread 0x0000016eeeb7a080 DEOPT PACKING pc=0x0000016e87ad1c5c sp=0x0000001da9efde30
Event: 1.378 Thread 0x0000016eeeb7a080 DEOPT UNPACKING pc=0x0000016e800523a3 sp=0x0000001da9efddc0 mode 2
Event: 1.378 Thread 0x0000016eeeb7a080 Uncommon trap: trap_request=0xffffff45 fr.pc=0x0000016e87b159c8 relative=0x0000000000000048
Event: 1.378 Thread 0x0000016eeeb7a080 Uncommon trap: reason=unstable_if action=reinterpret pc=0x0000016e87b159c8 method=java.lang.CharacterData.of(I)Ljava/lang/CharacterData; @ 4 c2
Event: 1.378 Thread 0x0000016eeeb7a080 DEOPT PACKING pc=0x0000016e87b159c8 sp=0x0000001da9efd950
Event: 1.378 Thread 0x0000016eeeb7a080 DEOPT UNPACKING pc=0x0000016e800523a3 sp=0x0000001da9efd8f0 mode 2
Event: 1.391 Thread 0x0000016eeeb7a080 DEOPT PACKING pc=0x0000016e806a383f sp=0x0000001da9efcbd0
Event: 1.391 Thread 0x0000016eeeb7a080 DEOPT UNPACKING pc=0x0000016e80052b43 sp=0x0000001da9efc060 mode 0
Event: 1.496 Thread 0x0000016eeeb7a080 DEOPT PACKING pc=0x0000016e80660826 sp=0x0000001da9efca20
Event: 1.496 Thread 0x0000016eeeb7a080 DEOPT UNPACKING pc=0x0000016e80052b43 sp=0x0000001da9efbef0 mode 0
Event: 1.671 Thread 0x0000016eeeb7a080 Uncommon trap: trap_request=0xffffff45 fr.pc=0x0000016e87b2c8e0 relative=0x00000000000001e0
Event: 1.671 Thread 0x0000016eeeb7a080 Uncommon trap: reason=unstable_if action=reinterpret pc=0x0000016e87b2c8e0 method=java.util.HashMap.putVal(ILjava/lang/Object;Ljava/lang/Object;ZZ)Ljava/lang/Object; @ 162 c2
Event: 1.671 Thread 0x0000016eeeb7a080 DEOPT PACKING pc=0x0000016e87b2c8e0 sp=0x0000001da9efbad0
Event: 1.671 Thread 0x0000016eeeb7a080 DEOPT UNPACKING pc=0x0000016e800523a3 sp=0x0000001da9efba60 mode 2
Event: 1.765 Thread 0x0000016eeeb7a080 Uncommon trap: trap_request=0xffffff45 fr.pc=0x0000016e87b46290 relative=0x0000000000000270
Event: 1.765 Thread 0x0000016eeeb7a080 Uncommon trap: reason=unstable_if action=reinterpret pc=0x0000016e87b46290 method=java.util.StringTokenizer.scanToken(I)I @ 42 c2
Event: 1.765 Thread 0x0000016eeeb7a080 DEOPT PACKING pc=0x0000016e87b46290 sp=0x0000001da9efa1e0
Event: 1.765 Thread 0x0000016eeeb7a080 DEOPT UNPACKING pc=0x0000016e800523a3 sp=0x0000001da9efa170 mode 2

Classes loaded (20 events):
Event: 1.809 Loading class sun/security/x509/OIDMap$OIDInfo done
Event: 1.809 Loading class sun/security/x509/SubjectKeyIdentifierExtension
Event: 1.809 Loading class sun/security/x509/SubjectKeyIdentifierExtension done
Event: 1.809 Loading class sun/security/x509/KeyIdentifier
Event: 1.810 Loading class sun/security/x509/KeyIdentifier done
Event: 1.810 Loading class sun/security/x509/BasicConstraintsExtension
Event: 1.810 Loading class sun/security/x509/BasicConstraintsExtension done
Event: 1.810 Loading class sun/security/x509/AuthorityKeyIdentifierExtension
Event: 1.810 Loading class sun/security/x509/AuthorityKeyIdentifierExtension done
Event: 1.810 Loading class sun/security/x509/GeneralNames
Event: 1.810 Loading class sun/security/x509/GeneralNames done
Event: 1.810 Loading class sun/security/x509/KeyUsageExtension
Event: 1.811 Loading class sun/security/x509/KeyUsageExtension done
Event: 1.811 Loading class sun/security/x509/X509AttributeName
Event: 1.811 Loading class sun/security/x509/X509AttributeName done
Event: 1.811 Loading class sun/security/util/MemoryCache$SoftCacheEntry
Event: 1.811 Loading class sun/security/util/MemoryCache$CacheEntry
Event: 1.811 Loading class sun/security/util/MemoryCache$CacheEntry done
Event: 1.811 Loading class sun/security/util/MemoryCache$SoftCacheEntry done
Event: 1.811 Loading class jdk/internal/event/X509CertificateEvent

Classes unloaded (0 events):
No events

Classes redefined (0 events):
No events

Internal exceptions (20 events):
Event: 1.149 Thread 0x0000016eeeb7a080 Exception <a 'java/lang/NoSuchMethodError'{0x00000000a6d6c810}: 'java.lang.Object java.lang.invoke.DirectMethodHandle$Holder.newInvokeSpecial(java.lang.Object, java.lang.Object, java.lang.Object, java.lang.Object, java.lang.Object, java.lang.Object, java.lang.Object)'> (0x00000000a6d6c810) 
thrown [s\open\src\hotspot\share\interpreter\linkResolver.cpp, line 766]
Event: 1.149 Thread 0x0000016eeeb7a080 Exception <a 'java/lang/NoSuchMethodError'{0x00000000a6d71480}: 'java.lang.Object java.lang.invoke.Invokers$Holder.linkToTargetMethod(java.lang.Object, java.lang.Object, java.lang.Object, java.lang.Object, java.lang.Object, java.lang.Object, java.lang.Object)'> (0x00000000a6d71480) 
thrown [s\open\src\hotspot\share\interpreter\linkResolver.cpp, line 766]
Event: 1.150 Thread 0x0000016eeeb7a080 Exception <a 'java/lang/NoSuchMethodError'{0x00000000a6d7e460}: 'void java.lang.invoke.DirectMethodHandle$Holder.invokeStatic(java.lang.Object, java.lang.Object, java.lang.Object, java.lang.Object)'> (0x00000000a6d7e460) 
thrown [s\open\src\hotspot\share\interpreter\linkResolver.cpp, line 766]
Event: 1.178 Thread 0x0000016eeeb7a080 Exception <a 'java/lang/NoSuchMethodError'{0x00000000a6c31970}: 'java.lang.Object java.lang.invoke.DirectMethodHandle$Holder.invokeInterface(java.lang.Object, java.lang.Object)'> (0x00000000a6c31970) 
thrown [s\open\src\hotspot\share\interpreter\linkResolver.cpp, line 766]
Event: 1.178 Thread 0x0000016eeeb7a080 Exception <a 'java/lang/IncompatibleClassChangeError'{0x00000000a6c35160}: Found class java.lang.Object, but interface was expected> (0x00000000a6c35160) 
thrown [s\open\src\hotspot\share\interpreter\linkResolver.cpp, line 833]
Event: 1.191 Thread 0x0000016eeeb7a080 Exception <a 'java/lang/NoSuchMethodError'{0x00000000a6c82e78}: 'java.lang.Object java.lang.invoke.DirectMethodHandle$Holder.newInvokeSpecial(java.lang.Object, java.lang.Object, int, java.lang.Object, java.lang.Object)'> (0x00000000a6c82e78) 
thrown [s\open\src\hotspot\share\interpreter\linkResolver.cpp, line 766]
Event: 1.209 Thread 0x0000016eeeb7a080 Exception <a 'java/lang/NoSuchMethodError'{0x00000000a6ce3e40}: 'java.lang.Object java.lang.invoke.DirectMethodHandle$Holder.newInvokeSpecial(java.lang.Object, int, java.lang.Object)'> (0x00000000a6ce3e40) 
thrown [s\open\src\hotspot\share\interpreter\linkResolver.cpp, line 766]
Event: 1.223 Thread 0x0000016eeeb7a080 Exception <a 'java/lang/NoSuchMethodError'{0x00000000a6b0d8a8}: 'java.lang.Object java.lang.invoke.DirectMethodHandle$Holder.invokeStatic(java.lang.Object, java.lang.Object, int, java.lang.Object, java.lang.Object)'> (0x00000000a6b0d8a8) 
thrown [s\open\src\hotspot\share\interpreter\linkResolver.cpp, line 766]
Event: 1.223 Thread 0x0000016eeeb7a080 Exception <a 'java/lang/NoSuchMethodError'{0x00000000a6b15238}: 'java.lang.Object java.lang.invoke.DirectMethodHandle$Holder.newInvokeSpecial(java.lang.Object, java.lang.Object, int, java.lang.Object)'> (0x00000000a6b15238) 
thrown [s\open\src\hotspot\share\interpreter\linkResolver.cpp, line 766]
Event: 1.224 Thread 0x0000016eeeb7a080 Exception <a 'java/lang/NoSuchMethodError'{0x00000000a6b19620}: 'java.lang.Object java.lang.invoke.DirectMethodHandle$Holder.invokeSpecial(java.lang.Object, java.lang.Object, java.lang.Object, int, java.lang.Object)'> (0x00000000a6b19620) 
thrown [s\open\src\hotspot\share\interpreter\linkResolver.cpp, line 766]
Event: 1.224 Thread 0x0000016eeeb7a080 Exception <a 'java/lang/NoSuchMethodError'{0x00000000a6b1d1e8}: 'java.lang.Object java.lang.invoke.Invokers$Holder.linkToTargetMethod(java.lang.Object, int, java.lang.Object, java.lang.Object)'> (0x00000000a6b1d1e8) 
thrown [s\open\src\hotspot\share\interpreter\linkResolver.cpp, line 766]
Event: 1.233 Thread 0x0000016eeeb7a080 Exception <a 'java/lang/NoSuchMethodError'{0x00000000a6b45770}: 'void java.lang.invoke.DirectMethodHandle$Holder.invokeStatic(java.lang.Object, java.lang.Object, java.lang.Object)'> (0x00000000a6b45770) 
thrown [s\open\src\hotspot\share\interpreter\linkResolver.cpp, line 766]
Event: 1.273 Thread 0x0000016eeeb7a080 Exception <a 'java/lang/NoSuchMethodError'{0x00000000a6a56998}: 'void java.lang.invoke.DirectMethodHandle$Holder.invokeInterface(java.lang.Object, java.lang.Object)'> (0x00000000a6a56998) 
thrown [s\open\src\hotspot\share\interpreter\linkResolver.cpp, line 766]
Event: 1.291 Thread 0x0000016eeeb7a080 Exception <a 'java/lang/NoSuchMethodError'{0x00000000a6acee58}: 'void java.lang.invoke.DirectMethodHandle$Holder.invokeVirtual(java.lang.Object, java.lang.Object)'> (0x00000000a6acee58) 
thrown [s\open\src\hotspot\share\interpreter\linkResolver.cpp, line 766]
Event: 1.291 Thread 0x0000016eeeb7a080 Exception <a 'java/lang/NoSuchMethodError'{0x00000000a6ad2858}: 'void java.lang.invoke.DirectMethodHandle$Holder.invokeSpecial(java.lang.Object, java.lang.Object, java.lang.Object)'> (0x00000000a6ad2858) 
thrown [s\open\src\hotspot\share\interpreter\linkResolver.cpp, line 766]
Event: 1.340 Thread 0x0000016eeeb7a080 Exception <a 'java/net/SocketException'{0x00000000a69ed380}: Socket is not connected: shutdown> (0x00000000a69ed380) 
thrown [s\open\src\hotspot\share\prims\jni.cpp, line 535]
Event: 1.340 Thread 0x0000016eeeb7a080 Exception <a 'java/net/SocketException'{0x00000000a69edca0}: Socket is not connected: shutdown> (0x00000000a69edca0) 
thrown [s\open\src\hotspot\share\prims\jni.cpp, line 535]
Event: 1.389 Thread 0x0000016eeeb7a080 Exception <a 'java/lang/NoSuchMethodError'{0x00000000a7f845f0}: 'java.lang.Object java.lang.invoke.DirectMethodHandle$Holder.invokeStaticInit(java.lang.Object)'> (0x00000000a7f845f0) 
thrown [s\open\src\hotspot\share\interpreter\linkResolver.cpp, line 766]
Event: 1.485 Thread 0x0000016eeeb7a080 Exception <a 'java/lang/NoSuchMethodError'{0x00000000a7c80f20}: 'void java.lang.invoke.DirectMethodHandle$Holder.invokeStaticInit(java.lang.Object, java.lang.Object)'> (0x00000000a7c80f20) 
thrown [s\open\src\hotspot\share\interpreter\linkResolver.cpp, line 766]
Event: 1.737 Thread 0x0000016eeeb7a080 Exception <a 'sun/nio/fs/WindowsException'{0x00000000a745aaf8}> (0x00000000a745aaf8) 
thrown [s\open\src\hotspot\share\prims\jni.cpp, line 516]

VM Operations (20 events):
Event: 1.133 Executing VM operation: HandshakeAllThreads
Event: 1.133 Executing VM operation: HandshakeAllThreads done
Event: 1.133 Executing VM operation: Cleanup
Event: 1.133 Executing VM operation: Cleanup done
Event: 1.288 Executing VM operation: HandshakeAllThreads
Event: 1.288 Executing VM operation: HandshakeAllThreads done
Event: 1.342 Executing VM operation: HandshakeAllThreads
Event: 1.342 Executing VM operation: HandshakeAllThreads done
Event: 1.347 Executing VM operation: G1CollectForAllocation
Event: 1.356 Executing VM operation: G1CollectForAllocation done
Event: 1.379 Executing VM operation: HandshakeAllThreads
Event: 1.379 Executing VM operation: HandshakeAllThreads done
Event: 1.534 Executing VM operation: HandshakeAllThreads
Event: 1.534 Executing VM operation: HandshakeAllThreads done
Event: 1.548 Executing VM operation: HandshakeAllThreads
Event: 1.548 Executing VM operation: HandshakeAllThreads done
Event: 1.689 Executing VM operation: HandshakeAllThreads
Event: 1.689 Executing VM operation: HandshakeAllThreads done
Event: 1.739 Executing VM operation: HandshakeAllThreads
Event: 1.739 Executing VM operation: HandshakeAllThreads done

Events (20 events):
Event: 0.030 Thread 0x0000016efcdcaf30 Thread added: 0x0000016efcdcaf30
Event: 0.030 Thread 0x0000016efcdcb7e0 Thread added: 0x0000016efcdcb7e0
Event: 0.030 Thread 0x0000016efcdcc180 Thread added: 0x0000016efcdcc180
Event: 0.030 Thread 0x0000016efcdd9ba0 Thread added: 0x0000016efcdd9ba0
Event: 0.030 Thread 0x0000016efce02ca0 Thread added: 0x0000016efce02ca0
Event: 0.030 Thread 0x0000016efce06b80 Thread added: 0x0000016efce06b80
Event: 0.030 Thread 0x0000016efce08480 Thread added: 0x0000016efce08480
Event: 0.131 Thread 0x0000016efd16f3a0 Thread added: 0x0000016efd16f3a0
Event: 0.138 Thread 0x0000016efd17bb00 Thread added: 0x0000016efd17bb00
Event: 0.145 Loaded shared library C:\Program Files\Java\jdk-18.0.1.1\bin\net.dll
Event: 0.147 Loaded shared library C:\Program Files\Java\jdk-18.0.1.1\bin\nio.dll
Event: 0.156 Loaded shared library C:\Program Files\Java\jdk-18.0.1.1\bin\zip.dll
Event: 0.305 Loaded shared library C:\Program Files\Java\jdk-18.0.1.1\bin\jimage.dll
Event: 0.715 Thread 0x0000016efd837050 Thread added: 0x0000016efd837050
Event: 0.991 Loaded shared library C:\Program Files\Java\jdk-18.0.1.1\bin\verify.dll
Event: 1.460 Thread 0x0000016efe1919d0 Thread added: 0x0000016efe1919d0
Event: 1.584 Loaded shared library C:\Program Files\Java\jdk-18.0.1.1\bin\management.dll
Event: 1.591 Loaded shared library C:\Program Files\Java\jdk-18.0.1.1\bin\management_ext.dll
Event: 1.617 Thread 0x0000016efe2fe800 Thread added: 0x0000016efe2fe800
Event: 1.684 Loaded shared library C:\Program Files\Java\jdk-18.0.1.1\bin\sunmscapi.dll


Dynamic libraries:
0x00007ff76aae0000 - 0x00007ff76aaf0000 	C:\Program Files\Java\jdk-18.0.1.1\bin\javaw.exe
0x00007ff966020000 - 0x00007ff966229000 	C:\WINDOWS\SYSTEM32\ntdll.dll
0x00007ff964e90000 - 0x00007ff964f4e000 	C:\WINDOWS\System32\KERNEL32.DLL
0x00007ff9636e0000 - 0x00007ff963a5b000 	C:\WINDOWS\System32\KERNELBASE.dll
0x00007ff9635c0000 - 0x00007ff9636d1000 	C:\WINDOWS\System32\ucrtbase.dll
0x00007ff929c70000 - 0x00007ff929c88000 	C:\Program Files\Java\jdk-18.0.1.1\bin\jli.dll
0x00007ff934a40000 - 0x00007ff934a5a000 	C:\Program Files\Java\jdk-18.0.1.1\bin\VCRUNTIME140.dll
0x00007ff964220000 - 0x00007ff9642ce000 	C:\WINDOWS\System32\ADVAPI32.dll
0x00007ff964790000 - 0x00007ff964833000 	C:\WINDOWS\System32\msvcrt.dll
0x00007ff9642d0000 - 0x00007ff96436e000 	C:\WINDOWS\System32\sechost.dll
0x00007ff964840000 - 0x00007ff964960000 	C:\WINDOWS\System32\RPCRT4.dll
0x00007ff965c50000 - 0x00007ff965dfd000 	C:\WINDOWS\System32\USER32.dll
0x00007ff9634f0000 - 0x00007ff963516000 	C:\WINDOWS\System32\win32u.dll
0x00007ff94ddf0000 - 0x00007ff94e095000 	C:\WINDOWS\WinSxS\amd64_microsoft.windows.common-controls_6595b64144ccf1df_6.0.22000.120_none_9d947278b86cc467\COMCTL32.dll
0x00007ff965fb0000 - 0x00007ff965fd9000 	C:\WINDOWS\System32\GDI32.dll
0x00007ff963d10000 - 0x00007ff963e28000 	C:\WINDOWS\System32\gdi32full.dll
0x00007ff963520000 - 0x00007ff9635bd000 	C:\WINDOWS\System32\msvcp_win.dll
0x00007ff95ad90000 - 0x00007ff95ad9a000 	C:\WINDOWS\SYSTEM32\VERSION.dll
0x00007ff965450000 - 0x00007ff965482000 	C:\WINDOWS\System32\IMM32.DLL
0x00007ff949a70000 - 0x00007ff949a7c000 	C:\Program Files\Java\jdk-18.0.1.1\bin\vcruntime140_1.dll
0x00007ff909270000 - 0x00007ff9092fd000 	C:\Program Files\Java\jdk-18.0.1.1\bin\msvcp140.dll
0x00007ff9020e0000 - 0x00007ff902cf0000 	C:\Program Files\Java\jdk-18.0.1.1\bin\server\jvm.dll
0x00007ff964780000 - 0x00007ff964788000 	C:\WINDOWS\System32\PSAPI.DLL
0x00007ff95e9c0000 - 0x00007ff95e9f3000 	C:\WINDOWS\SYSTEM32\WINMM.dll
0x00007ff9549b0000 - 0x00007ff9549b9000 	C:\WINDOWS\SYSTEM32\WSOCK32.dll
0x00007ff964010000 - 0x00007ff96407f000 	C:\WINDOWS\System32\WS2_32.dll
0x00007ff962570000 - 0x00007ff962588000 	C:\WINDOWS\SYSTEM32\kernel.appcore.dll
0x00007ff949a50000 - 0x00007ff949a5a000 	C:\Program Files\Java\jdk-18.0.1.1\bin\jimage.dll
0x00007ff961200000 - 0x00007ff961421000 	C:\WINDOWS\SYSTEM32\DBGHELP.DLL
0x00007ff95c010000 - 0x00007ff95c041000 	C:\WINDOWS\SYSTEM32\dbgcore.DLL
0x00007ff963bd0000 - 0x00007ff963c4f000 	C:\WINDOWS\System32\bcryptPrimitives.dll
0x00007ff928ac0000 - 0x00007ff928ae5000 	C:\Program Files\Java\jdk-18.0.1.1\bin\java.dll
0x00007ff902eb0000 - 0x00007ff902f86000 	C:\Program Files\Java\jdk-18.0.1.1\bin\jsvml.dll
0x00007ff965490000 - 0x00007ff965c48000 	C:\WINDOWS\System32\SHELL32.dll
0x00007ff9615e0000 - 0x00007ff961e45000 	C:\WINDOWS\SYSTEM32\windows.storage.dll
0x00007ff964370000 - 0x00007ff9646e8000 	C:\WINDOWS\System32\combase.dll
0x00007ff961470000 - 0x00007ff9615d6000 	C:\WINDOWS\SYSTEM32\wintypes.dll
0x00007ff964da0000 - 0x00007ff964e8a000 	C:\WINDOWS\System32\SHCORE.dll
0x00007ff964c50000 - 0x00007ff964cad000 	C:\WINDOWS\System32\shlwapi.dll
0x00007ff963420000 - 0x00007ff963441000 	C:\WINDOWS\SYSTEM32\profapi.dll
0x00007ff928b20000 - 0x00007ff928b33000 	C:\Program Files\Java\jdk-18.0.1.1\bin\net.dll
0x00007ff95e6d0000 - 0x00007ff95e7e4000 	C:\WINDOWS\SYSTEM32\WINHTTP.dll
0x00007ff962a10000 - 0x00007ff962a77000 	C:\WINDOWS\system32\mswsock.dll
0x00007ff925490000 - 0x00007ff9254a6000 	C:\Program Files\Java\jdk-18.0.1.1\bin\nio.dll
0x00007ff924b50000 - 0x00007ff924b68000 	C:\Program Files\Java\jdk-18.0.1.1\bin\zip.dll
0x00007ff9620d0000 - 0x00007ff9621b8000 	C:\WINDOWS\SYSTEM32\DNSAPI.dll
0x00007ff9620a0000 - 0x00007ff9620cd000 	C:\WINDOWS\SYSTEM32\IPHLPAPI.DLL
0x00007ff965e80000 - 0x00007ff965e89000 	C:\WINDOWS\System32\NSI.dll
0x00007ff959bf0000 - 0x00007ff959bfa000 	C:\Windows\System32\rasadhlp.dll
0x00007ff95c5d0000 - 0x00007ff95c651000 	C:\WINDOWS\System32\fwpuclnt.dll
0x00007ff962c50000 - 0x00007ff962c68000 	C:\WINDOWS\SYSTEM32\CRYPTSP.dll
0x00007ff9624d0000 - 0x00007ff962505000 	C:\WINDOWS\system32\rsaenh.dll
0x00007ff962b00000 - 0x00007ff962b29000 	C:\WINDOWS\SYSTEM32\USERENV.dll
0x00007ff962e50000 - 0x00007ff962e77000 	C:\WINDOWS\SYSTEM32\bcrypt.dll
0x00007ff962c70000 - 0x00007ff962c7c000 	C:\WINDOWS\SYSTEM32\CRYPTBASE.dll
0x00007ff95e2f0000 - 0x00007ff95e309000 	C:\WINDOWS\SYSTEM32\dhcpcsvc6.DLL
0x00007ff95f170000 - 0x00007ff95f18e000 	C:\WINDOWS\SYSTEM32\dhcpcsvc.DLL
0x00007ff93b5e0000 - 0x00007ff93b5f0000 	C:\Program Files\Java\jdk-18.0.1.1\bin\verify.dll
0x00007ff93bae0000 - 0x00007ff93bae9000 	C:\Program Files\Java\jdk-18.0.1.1\bin\management.dll
0x00007ff93a7f0000 - 0x00007ff93a7fb000 	C:\Program Files\Java\jdk-18.0.1.1\bin\management_ext.dll
0x00007ff9398e0000 - 0x00007ff9398ee000 	C:\Program Files\Java\jdk-18.0.1.1\bin\sunmscapi.dll
0x00007ff963a60000 - 0x00007ff963bc2000 	C:\WINDOWS\System32\CRYPT32.dll
0x00007ff962e20000 - 0x00007ff962e48000 	C:\WINDOWS\SYSTEM32\ncrypt.dll
0x00007ff962de0000 - 0x00007ff962e17000 	C:\WINDOWS\SYSTEM32\NTASN1.dll

dbghelp: loaded successfully - version: 4.0.5 - missing functions: none
symbol engine: initialized successfully - sym options: 0x614 - pdb path: .;C:\Program Files\Java\jdk-18.0.1.1\bin;C:\WINDOWS\SYSTEM32;C:\WINDOWS\WinSxS\amd64_microsoft.windows.common-controls_6595b64144ccf1df_6.0.22000.120_none_9d947278b86cc467;C:\Program Files\Java\jdk-18.0.1.1\bin\server

VM Arguments:
jvm_args: -ea -Dfile.encoding=UTF-8 -XX:+ShowCodeDetailsInExceptionMessages 
java_command: org.testng.remote.RemoteTestNG -serport 62120 -protocol json -d C:\My Folder\selenium_java\test-output C:\My Folder\selenium_java\testng.xml
java_class_path (initial): C:\Users\Vivek Chhallani\eclipse\java-2022-032\eclipse\configuration\org.eclipse.osgi\431\0\.cp\lib\testng-remote.jar;C:\My Folder\selenium_java\target\test-classes;C:\My Folder\selenium_java\target\classes;C:\Users\Vivek Chhallani\.p2\pool\plugins\org.testng_7.4.0.r202105021533.jar;C:\Users\Vivek Chhallani\.p2\pool\plugins\com.beust.jcommander_1.78.0.jar;C:\Users\Vivek Chhallani\.p2\pool\plugins\org.apache-extras.beanshell.bsh_2.0.0.b6.jar;C:\Users\Vivek Chhallani\.p2\pool\plugins\org.yaml.snakeyaml_1.21.0.jar;C:\Users\Vivek Chhallani\.p2\pool\plugins\org.webjars.jquery_3.5.1.jar;C:\Users\Vivek Chhallani\.m2\repository\junit\junit\3.8.1\junit-3.8.1.jar;C:\Users\Vivek Chhallani\.m2\repository\org\seleniumhq\selenium\selenium-java\4.5.3\selenium-java-4.5.3.jar;C:\Users\Vivek Chhallani\.m2\repository\org\seleniumhq\selenium\selenium-api\4.5.3\selenium-api-4.5.3.jar;C:\Users\Vivek Chhallani\.m2\repository\org\seleniumhq\selenium\selenium-chrome-driver\4.5.3\selenium-chrome-driver-4.5.3.jar;C:\Users\Vivek Chhallani\.m2\repository\com\google\auto\service\auto-service-annotations\1.0.1\auto-service-annotations-1.0.1.jar;C:\Users\Vivek Chhallani\.m2\repository\com\google\auto\service\auto-service\1.0.1\auto-service-1.0.1.jar;C:\Users\Vivek Chhallani\.m2\repository\com\google\auto\auto-common\1.2\auto-common-1.2.jar;C:\Users\Vivek Chhallani\.m2\repository\com\google\guava\guava\31.1-jre\guava-31.1-jre.jar;C:\Users\Vivek Chhallani\.m2\repository\com\google\guava\failureaccess\1.0.1\failureaccess-1.0.1.jar;C:\Users\Vivek Chhallani\.m2\repository\com\google\guava\listenablefuture\9999.0-empty-to-avoid-conflict-with-guava\listenablefuture-9999.0-empty-to-avoid-conflict-with-guava.jar;C:\Users\Vivek Chhallani\.m2\repository\org\checkerframework\checker-qual\3.12.0\checker-qual-3.12.0.jar;C:\Users\Vivek Chhallani\.m2\repository\com\google\errorprone\error_prone_annotations\2.11.0\error_prone_annotations-2.11.0.jar;C:\Users\Vivek Chhallani\.m2\repository\com\google\j2objc\j2objc-annotations\1.3\j2objc-annotations-1.3.jar;C:\Users\Vivek Chhallani\.m2\repository\org\seleniumhq\selenium\selenium-chromium-driver\4.5.3\selenium-chromium-driver-4.5.3.jar;C:\Users\Vivek Chhallani\.m2\repository\org\seleniumhq\selenium\selenium-json\4.5.3\selenium-json-4.5.3.jar;C:\Users\Vivek Chhallani\.m2\repository\org\seleniumhq\selenium\selenium-devtools-v104\4.5.3\selenium-devtools-v104-4.5.3.jar;C:\Users\Vivek Chhallani\.m2\repository\org\seleniumhq\selenium\selenium-devtools-v105\4.5.3\selenium-devtools-v105-4.5.3.jar;C:\Users\Vivek Chhallani\.m2\repository\org\seleniumhq\selenium\selenium-devtools-v106\4.5.3\selenium-devtools-v106-4.5.3.jar;C:\Users\Vivek Chhallani\.m2\repository\org\seleniumhq\selenium\selenium-devtools-v85\4.5.3\selenium-devtools-v85-4.5.3.jar;C:\Users\Vivek Chhallani\.m2\repository\org\seleniumhq\selenium\selenium-edge-driver\4.5.3\selenium-edge-driver-4.5.3.jar;C:\Users\Vivek Chhallani\.m2\repository\org\seleniumhq\selenium\selenium-firefox-driver\4.5.3\selenium-firefox-driver-4.5.3.jar;C:\Users\Vivek Chhallani\.m2\repository\org\seleniumhq\selenium\selenium-ie-driver\4.5.3\selenium-ie-driver-4.5.3.jar;C:\Users\Vivek Chhallani\.m2\repository\org\seleniumhq\selenium\selenium-remote-driver\4.5.3\selenium-remote-driver-4.5.3.jar;C:\Users\Vivek Chhallani\.m2\repository\io\netty\netty-buffer\4.1.84.Final\netty-buffer-4.1.84.Final.jar;C:\Users\Vivek Chhallani\.m2\repository\io\netty\netty-codec-http\4.1.84.Final\netty-codec-http-4.1.84.Final.jar;C:\Users\Vivek Chhallani\.m2\repository\io\netty\netty-codec\4.1.84.Final\netty-codec-4.1.84.Final.jar;C:\Users\Vivek Chhallani\.m2\repository\io\netty\netty-handler\4.1.84.Final\netty-handler-4.1.84.Final.jar;C:\Users\Vivek Chhallani\.m2\repository\io\netty\netty-common\4.1.84.Final\netty-common-4.1.84.Final.jar;C:\Users\Vivek Chhallani\.m2\repository\io\netty\netty-transport-classes-epoll\4.1.84.Final\netty-transport-classes-epoll-4.1.84.Final.jar;C:\Users\Vivek Chhallani\.m2\repository\io\netty\netty-transport-classes-kqueue\4.1.84.Final\netty-transport-classes-kqueue-4.1.84.Final.jar;C:\Users\Vivek Chhallani\.m2\repository\io\netty\netty-transport-native-epoll\4.1.84.Final\netty-transport-native-epoll-4.1.84.Final.jar;C:\Users\Vivek Chhallani\.m2\repository\io\netty\netty-transport-native-kqueue\4.1.84.Final\netty-transport-native-kqueue-4.1.84.Final.jar;C:\Users\Vivek Chhallani\.m2\repository\io\netty\netty-transport-native-unix-common\4.1.84.Final\netty-transport-native-unix-common-4.1.84.Final.jar;C:\Users\Vivek Chhallani\.m2\repository\io\netty\netty-transport\4.1.84.Final\netty-transport-4.1.84.Final.jar;C:\Users\Vivek Chhallani\.m2\repository\io\netty\netty-resolver\4.1.84.Final\netty-resolver-4.1.84.Final.jar;C:\Users\Vivek Chhallani\.m2\repository\io\opentelemetry\opentelemetry-api\1.19.0\opentelemetry-api-1.19.0.jar;C:\Users\Vivek Chhallani\.m2\repository\io\opentelemetry\opentelemetry-context\1.19.0\opentelemetry-context-1.19.0.jar;C:\Users\Vivek Chhallani\.m2\repository\io\opentelemetry\opentelemetry-exporter-logging\1.19.0\opentelemetry-exporter-logging-1.19.0.jar;C:\Users\Vivek Chhallani\.m2\repository\io\opentelemetry\opentelemetry-sdk-metrics\1.19.0\opentelemetry-sdk-metrics-1.19.0.jar;C:\Users\Vivek Chhallani\.m2\repository\io\opentelemetry\opentelemetry-sdk-logs\1.19.0-alpha\opentelemetry-sdk-logs-1.19.0-alpha.jar;C:\Users\Vivek Chhallani\.m2\repository\io\opentelemetry\opentelemetry-api-logs\1.19.0-alpha\opentelemetry-api-logs-1.19.0-alpha.jar;C:\Users\Vivek Chhallani\.m2\repository\io\opentelemetry\opentelemetry-sdk-common\1.19.0\opentelemetry-sdk-common-1.19.0.jar;C:\Users\Vivek Chhallani\.m2\repository\io\opentelemetry\opentelemetry-sdk-extension-autoconfigure-spi\1.19.0\opentelemetry-sdk-extension-autoconfigure-spi-1.19.0.jar;C:\Users\Vivek Chhallani\.m2\repository\io\opentelemetry\opentelemetry-sdk-extension-autoconfigure\1.19.0-alpha\opentelemetry-sdk-extension-autoconfigure-1.19.0-alpha.jar;C:\Users\Vivek Chhallani\.m2\repository\io\opentelemetry\opentelemetry-exporter-common\1.19.0\opentelemetry-exporter-common-1.19.0.jar;C:\Users\Vivek Chhallani\.m2\repository\io\opentelemetry\opentelemetry-sdk-trace\1.19.0\opentelemetry-sdk-trace-1.19.0.jar;C:\Users\Vivek Chhallani\.m2\repository\io\opentelemetry\opentelemetry-sdk\1.19.0\opentelemetry-sdk-1.19.0.jar;C:\Users\Vivek Chhallani\.m2\repository\io\opentelemetry\opentelemetry-semconv\1.19.0-alpha\opentelemetry-semconv-1.19.0-alpha.jar;C:\Users\Vivek Chhallani\.m2\repository\io\ous\jtoml\2.0.0\jtoml-2.0.0.jar;C:\Users\Vivek Chhallani\.m2\repository\net\bytebuddy\byte-buddy\1.12.18\byte-buddy-1.12.18.jar;C:\Users\Vivek Chhallani\.m2\repository\org\apache\commons\commons-exec\1.3\commons-exec-1.3.jar;C:\Users\Vivek Chhallani\.m2\repository\org\asynchttpclient\async-http-client\2.12.3\async-http-client-2.12.3.jar;C:\Users\Vivek Chhallani\.m2\repository\org\asynchttpclient\async-http-client-netty-utils\2.12.3\async-http-client-netty-utils-2.12.3.jar;C:\Users\Vivek Chhallani\.m2\repository\io\netty\netty-codec-socks\4.1.60.Final\netty-codec-socks-4.1.60.Final.jar;C:\Users\Vivek Chhallani\.m2\repository\io\netty\netty-handler-proxy\4.1.60.Final\netty-handler-proxy-4.1.60.Final.jar;C:\Users\Vivek Chhallani\.m2\repository\io\netty\netty-transport-native-epoll\4.1.60.Final\netty-transport-native-epoll-4.1.60.Final-linux-x86_64.jar;C:\Users\Vivek Chhallani\.m2\repository\io\netty\netty-transport-native-kqueue\4.1.60.Final\netty-transport-native-kqueue-4.1.60.Final-osx-x86_64.jar;C:\Users\Vivek Chhallani\.m2\repository\com\typesafe\netty\netty-reactive-streams\2.0.4\netty-reactive-streams-2.0.4.jar;C:\Users\Vivek Chhallani\.m2\repository\com\sun\activation\jakarta.activation\1.2.2\jakarta.activation-1.2.2.jar;C:\Users\Vivek Chhallani\.m2\repository\org\seleniumhq\selenium\selenium-http\4.5.3\selenium-http-4.5.3.jar;C:\Users\Vivek Chhallani\.m2\repository\dev\failsafe\failsafe\3.3.0\failsafe-3.3.0.jar;C:\Users\Vivek Chhallani\.m2\repository\org\seleniumhq\selenium\selenium-safari-driver\4.5.3\selenium-safari-driver-4.5.3.jar;C:\Users\Vivek Chhallani\.m2\repository\org\seleniumhq\selenium\selenium-support\4.5.3\selenium-support-4.5.3.jar;C:\Users\Vivek Chhallani\.m2\repository\org\testng\testng\7.6.1\testng-7.6.1.jar;C:\Users\Vivek Chhallani\.m2\repository\com\google\code\findbugs\jsr305\3.0.2\jsr305-3.0.2.jar;C:\Users\Vivek Chhallani\.m2\repository\org\slf4j\slf4j-api\1.7.36\slf4j-api-1.7.36.jar;C:\Users\Vivek Chhallani\.m2\repository\com\beust\jcommander\1.82\jcommander-1.82.jar;C:\Users\Vivek Chhallani\.m2\repository\org\webjars\jquery\3.6.0\jquery-3.6.0.jar;C:\Users\Vivek Chhallani\.m2\repository\org\apache\poi\poi\5.2.3\poi-5.2.3.jar;C:\Users\Vivek Chhallani\.m2\repository\commons-codec\commons-codec\1.15\commons-codec-1.15.jar;C:\Users\Vivek Chhallani\.m2\repository\org\apache\commons\commons-collections4\4.4\commons-collections4-4.4.jar;C:\Users\Vivek Chhallani\.m2\repository\org\apache\commons\commons-math3\3.6.1\commons-math3-3.6.1.jar;C:\Users\Vivek Chhallani\.m2\repository\com\zaxxer\SparseBitSet\1.2\SparseBitSet-1.2.jar;C:\Users\Vivek Chhallani\.m2\repository\org\apache\logging\log4j\log4j-api\2.18.0\log4j-api-2.18.0.jar;C:\Users\Vivek Chhallani\.m2\repository\org\apache\poi\poi-ooxml\5.2.3\poi-ooxml-5.2.3.jar;C:\Users\Vivek Chhallani\.m2\repository\org\apache\poi\poi-ooxml-lite\5.2.3\poi-ooxml-lite-5.2.3.jar;C:\Users\Vivek Chhallani\.m2\repository\org\apache\xmlbeans\xmlbeans\5.1.1\xmlbeans-5.1.1.jar;C:\Users\Vivek Chhallani\.m2\repository\org\apache\commons\commons-compress\1.21\commons-compress-1.21.jar;C:\Users\Vivek Chhallani\.m2\repository\com\github\virtuald\curvesapi\1.07\curvesapi-1.07.jar;C:\Users\Vivek Chhallani\.m2\repository\com\aventstack\extentreports\5.0.9\extentreports-5.0.9.jar;C:\Users\Vivek Chhallani\.m2\repository\io\reactivex\rxjava3\rxjava\3.0.4\rxjava-3.0.4.jar;C:\Users\Vivek Chhallani\.m2\repository\org\reactivestreams\reactive-streams\1.0.3\reactive-streams-1.0.3.jar;C:\Users\Vivek Chhallani\.m2\repository\org\freemarker\freemarker\2.3.30\freemarker-2.3.30.jar;C:\Users\Vivek Chhallani\.m2\repository\org\projectlombok\lombok\1.18.12\lombok-1.18.12.jar;C:\Users\Vivek Chhallani\.m2\repository\com\google\code\gson\gson\2.8.6\gson-2.8.6.jar;C:\Users\Vivek Chhallani\.m2\repository\org\apache\commons\commons-lang3\3.12.0\commons-lang3-3.12.0.jar;C:\Users\Vivek Chhallani\.m2\repository\commons-io\commons-io\2.11.0\commons-io-2.11.0.jar;C:\Users\Vivek Chhallani\.m2\repository\log4j\log4j\1.2.17\log4j-1.2.17.jar;C:\Users\Vivek Chhallani\.m2\repository\io\rest-assured\rest-assured\5.2.0\rest-assured-5.2.0.jar;C:\Users\Vivek Chhallani\.m2\repository\org\apache\groovy\groovy\4.0.1\groovy-4.0.1.jar;C:\Users\Vivek Chhallani\.m2\repository\org\apache\groovy\groovy-xml\4.0.1\groovy-xml-4.0.1.jar;C:\Users\Vivek Chhallani\.m2\repository\org\apache\httpcomponents\httpclient\4.5.13\httpclient-4.5.13.jar;C:\Users\Vivek Chhallani\.m2\repository\org\apache\httpcomponents\httpcore\4.4.13\httpcore-4.4.13.jar;C:\Users\Vivek Chhallani\.m2\repository\commons-logging\commons-logging\1.2\commons-logging-1.2.jar;C:\Users\Vivek Chhallani\.m2\repository\org\apache\httpcomponents\httpmime\4.5.13\httpmime-4.5.13.jar;C:\Users\Vivek Chhallani\.m2\repository\org\hamcrest\hamcrest\2.1\hamcrest-2.1.jar;C:\Users\Vivek Chhallani\.m2\repository\org\ccil\cowan\tagsoup\tagsoup\1.2.1\tagsoup-1.2.1.jar;C:\Users\Vivek Chhallani\.m2\repository\io\rest-assured\json-path\5.2.0\json-path-5.2.0.jar;C:\Users\Vivek Chhallani\.m2\repository\org\apache\groovy\groovy-json\4.0.1\groovy-json-4.0.1.jar;C:\Users\Vivek Chhallani\.m2\repository\io\rest-assured\rest-assured-common\5.2.0\rest-assured-common-5.2.0.jar;C:\Users\Vivek Chhallani\.m2\repository\io\rest-assured\xml-path\5.2.0\xml-path-5.2.0.jar;C:\Users\Vivek Chhallani\.m2\repository\org\apache\maven\maven-embedder\3.6.3\maven-embedder-3.6.3.jar;C:\Users\Vivek Chhallani\.m2\repository\org\apache\maven\maven-settings\3.6.3\maven-settings-3.6.3.jar;C:\Users\Vivek Chhallani\.m2\repository\org\apache\maven\maven-settings-builder\3.6.3\maven-settings-builder-3.6.3.jar;C:\Users\Vivek Chhallani\.m2\repository\org\apache\maven\maven-core\3.6.3\maven-core-3.6.3.jar;C:\Users\Vivek Chhallani\.m2\repository\org\apache\maven\resolver\maven-resolver-spi\1.4.1\maven-resolver-spi-1.4.1.jar;C:\Users\Vivek Chhallani\.m2\repository\org\eclipse\sisu\org.eclipse.sisu.inject\0.3.4\org.eclipse.sisu.inject-0.3.4.jar;C:\Users\Vivek Chhallani\.m2\repository\org\apache\maven\maven-plugin-api\3.6.3\maven-plugin-api-3.6.3.jar;C:\Users\Vivek Chhallani\.m2\repository\org\apache\maven\maven-model\3.6.3\maven-model-3.6.3.jar;C:\Users\Vivek Chhallani\.m2\repository\org\apache\maven\maven-model-builder\3.6.3\maven-model-builder-3.6.3.jar;C:\Users\Vivek Chhallani\.m2\repository\org\apache\maven\maven-builder-support\3.6.3\maven-builder-support-3.6.3.jar;C:\Users\Vivek Chhallani\.m2\repository\org\apache\maven\resolver\maven-resolver-api\1.4.1\maven-resolver-api-1.4.1.jar;C:\Users\Vivek Chhallani\.m2\repository\org\apache\maven\resolver\maven-resolver-util\1.4.1\maven-resolver-util-1.4.1.jar;C:\Users\Vivek Chhallani\.m2\repository\org\apache\maven\shared\maven-shared-utils\3.2.1\maven-shared-utils-3.2.1.jar;C:\Users\Vivek Chhallani\.m2\repository\com\google\inject\guice\4.2.1\guice-4.2.1-no_aop.jar;C:\Users\Vivek Chhallani\.m2\repository\javax\inject\javax.inject\1\javax.inject-1.jar;C:\Users\Vivek Chhallani\.m2\repository\javax\annotation\jsr250-api\1.0\jsr250-api-1.0.jar;C:\Users\Vivek Chhallani\.m2\repository\org\codehaus\plexus\plexus-utils\3.2.1\plexus-utils-3.2.1.jar;C:\Users\Vivek Chhallani\.m2\repository\org\codehaus\plexus\plexus-classworlds\2.6.0\plexus-classworlds-2.6.0.jar;C:\Users\Vivek Chhallani\.m2\repository\org\eclipse\sisu\org.eclipse.sisu.plexus\0.3.4\org.eclipse.sisu.plexus-0.3.4.jar;C:\Users\Vivek Chhallani\.m2\repository\javax\enterprise\cdi-api\1.0\cdi-api-1.0.jar;C:\Users\Vivek Chhallani\.m2\repository\org\sonatype\plexus\plexus-sec-dispatcher\1.4\plexus-sec-dispatcher-1.4.jar;C:\Users\Vivek Chhallani\.m2\repository\org\sonatype\plexus\plexus-cipher\1.7\plexus-cipher-1.7.jar;C:\Users\Vivek Chhallani\.m2\repository\commons-cli\commons-cli\1.4\commons-cli-1.4.jar;C:\Users\Vivek Chhallani\.m2\repository\org\slf4j\slf4j-simple\1.7.30\slf4j-simple-1.7.30.jar;C:\Users\Vivek Chhallani\.m2\repository\org\apache\maven\maven-compat\3.6.3\maven-compat-3.6.3.jar;C:\Users\Vivek Chhallani\.m2\repository\org\apache\maven\maven-artifact\3.6.3\maven-artifact-3.6.3.jar;C:\Users\Vivek Chhallani\.m2\repository\org\apache\maven\maven-resolver-provider\3.6.3\maven-resolver-provider-3.6.3.jar;C:\Users\Vivek Chhallani\.m2\repository\org\apache\maven\maven-repository-metadata\3.6.3\maven-repository-metadata-3.6.3.jar;C:\Users\Vivek Chhallani\.m2\repository\org\apache\maven\resolver\maven-resolver-impl\1.4.1\maven-resolver-impl-1.4.1.jar;C:\Users\Vivek Chhallani\.m2\repository\org\codehaus\plexus\plexus-interpolation\1.25\plexus-interpolation-1.25.jar;C:\Users\Vivek Chhallani\.m2\repository\org\codehaus\plexus\plexus-component-annotations\2.1.0\plexus-component-annotations-2.1.0.jar;C:\Users\Vivek Chhallani\.m2\repository\org\apache\maven\wagon\wagon-provider-api\3.3.4\wagon-provider-api-3.3.4.jar
Launcher Type: SUN_STANDARD

[Global flags]
     intx CICompilerCount                          = 4                                         {product} {ergonomic}
     uint ConcGCThreads                            = 3                                         {product} {ergonomic}
     uint G1ConcRefinementThreads                  = 10                                        {product} {ergonomic}
   size_t G1HeapRegionSize                         = 1048576                                   {product} {ergonomic}
    uintx GCDrainStackTargetSize                   = 64                                        {product} {ergonomic}
   size_t InitialHeapSize                          = 98566144                                  {product} {ergonomic}
   size_t MarkStackSize                            = 4194304                                   {product} {ergonomic}
   size_t MaxHeapSize                              = 1574961152                                {product} {ergonomic}
   size_t MaxNewSize                               = 944766976                                 {product} {ergonomic}
   size_t MinHeapDeltaBytes                        = 1048576                                   {product} {ergonomic}
   size_t MinHeapSize                              = 8388608                                   {product} {ergonomic}
    uintx NonNMethodCodeHeapSize                   = 5839372                                {pd product} {ergonomic}
    uintx NonProfiledCodeHeapSize                  = 122909434                              {pd product} {ergonomic}
    uintx ProfiledCodeHeapSize                     = 122909434                              {pd product} {ergonomic}
    uintx ReservedCodeCacheSize                    = 251658240                              {pd product} {ergonomic}
     bool SegmentedCodeCache                       = true                                      {product} {ergonomic}
     bool ShowCodeDetailsInExceptionMessages       = true                                   {manageable} {command line}
   size_t SoftMaxHeapSize                          = 1574961152                             {manageable} {ergonomic}
     bool UseCompressedClassPointers               = true                           {product lp64_product} {ergonomic}
     bool UseCompressedOops                        = true                           {product lp64_product} {ergonomic}
     bool UseG1GC                                  = true                                      {product} {ergonomic}
     bool UseLargePagesIndividualAllocation        = false                                  {pd product} {ergonomic}

Logging:
Log output configuration:
 #0: stdout all=warning uptime,level,tags foldmultilines=false
 #1: stderr all=off uptime,level,tags foldmultilines=false

Environment Variables:
JAVA_HOME=C:\Program Files\Java\jdk-18.0.1.1
PATH=C:\Program Files\Common Files\Oracle\Java\javapath;C:\Program Files (x86)\Common Files\Oracle\Java\javapath;C:\WINDOWS\system32;C:\WINDOWS;C:\WINDOWS\System32\Wbem;C:\WINDOWS\System32\WindowsPowerShell\v1.0\;C:\WINDOWS\System32\OpenSSH\;C:\ProgramData\chocolatey\bin;C:\Program Files\Java\jdk-18.0.1.1\bin;C:\Program Files\apache-maven-3.8.5\bin;C:\Users\Vivek Chhallani\AppData\Local\Microsoft\WindowsApps;C:\Program Files\Java\jdk-18.0.1.1\bin;C:\Program Files\TestProject Agent;
USERNAME=Vivek Chhallani
OS=Windows_NT
PROCESSOR_IDENTIFIER=AMD64 Family 23 Model 104 Stepping 1, AuthenticAMD



---------------  S Y S T E M  ---------------

OS:
 Windows 11 , 64 bit Build 22000 (10.0.22000.1219)
OS uptime: 11 days 20:20 hours

CPU: total 12 (initial active 12) (12 cores per cpu, 2 threads per core) family 23 model 104 stepping 1 microcode 0x0, cx8, cmov, fxsr, ht, mmx, 3dnowpref, sse, sse2, sse3, ssse3, sse4a, sse4.1, sse4.2, popcnt, lzcnt, tsc, tscinvbit, avx, avx2, aes, clmul, bmi1, bmi2, adx, sha, fma, vzeroupper, clflush, clflushopt

Memory: 4k page, system-wide physical 6005M (104M free)
TotalPageFile size 24437M (AvailPageFile size 1M)
current process WorkingSet (physical memory assigned to process): 97M, peak: 97M
current process commit charge ("private bytes"): 209M, peak: 209M

vm_info: Java HotSpot(TM) 64-Bit Server VM (18.0.1.1+2-6) for windows-amd64 JRE (18.0.1.1+2-6), built on Apr 25 2022 21:53:15 by "mach5one" with MS VC++ 16.8 / 16.9 (VS2019)

END.
